#
# A fatal error has been detected by the Java Runtime Environment:
#
#  Internal Error (javaCalls.cpp:51), pid=11348, tid=0x0000000000000a58
#  guarantee(thread->is_Java_thread()) failed: crucial check - the VM thread cannot and must not escape to Java code
#
# JRE version: Java(TM) SE Runtime Environment (8.0_271-b09) (build 1.8.0_271-b09)
# Java VM: Java HotSpot(TM) 64-Bit Server VM (25.271-b09 mixed mode windows-amd64 compressed oops)
# Failed to write core dump. Minidumps are not enabled by default on client versions of Windows
#
# If you would like to submit a bug report, please visit:
#   http://bugreport.java.com/bugreport/crash.jsp
#

---------------  T H R E A D  ---------------

Current thread (0x00000299d51d4000):  VMThread [stack: 0x000000a8d6e00000,0x000000a8d6f00000] [id=2648]

Stack: [0x000000a8d6e00000,0x000000a8d6f00000]
Native frames: (J=compiled Java code, j=interpreted, Vv=VM code, C=native code)
V  [jvm.dll+0x33f6c9]
V  [jvm.dll+0x286122]
V  [jvm.dll+0x286dcd]
V  [jvm.dll+0x27d787]
V  [jvm.dll+0x21b9fd]
V  [jvm.dll+0x21c047]
V  [jvm.dll+0x33f5e2]
V  [jvm.dll+0x21c671]
V  [jvm.dll+0x27e9d5]
V  [jvm.dll+0x27ec1d]
V  [jvm.dll+0x27ed69]
V  [jvm.dll+0x11b2e8]
V  [jvm.dll+0x11a6b9]
V  [jvm.dll+0x117b8d]
V  [jvm.dll+0x11957e]
V  [jvm.dll+0x116bea]
V  [jvm.dll+0x115d7a]
V  [jvm.dll+0xdd69b]
V  [jvm.dll+0xde133]
V  [jvm.dll+0x122b84]
V  [jvm.dll+0x145e40]
V  [jvm.dll+0x1c9df1]
V  [jvm.dll+0x256557]
V  [jvm.dll+0x254cc5]
V  [jvm.dll+0x25543c]
V  [jvm.dll+0x25574c]
V  [jvm.dll+0x2a2dcc]
C  [ucrtbase.dll+0x21bb2]
C  [KERNEL32.DLL+0x17034]
C  [ntdll.dll+0x52651]

VM_Operation (0x000000a8d73ff4c0): GetOrSetLocal, mode: safepoint, requested by thread 0x00000299d523a800


---------------  P R O C E S S  ---------------

Java Threads: ( => current thread )
  0x00000299d532b000 JavaThread "Service Thread" daemon [_thread_blocked, id=15136, stack(0x000000a8d7900000,0x000000a8d7a00000)]
  0x00000299d6126800 JavaThread "C1 CompilerThread2" daemon [_thread_blocked, id=7332, stack(0x000000a8d7800000,0x000000a8d7900000)]
  0x00000299d6126000 JavaThread "C2 CompilerThread1" daemon [_thread_blocked, id=10372, stack(0x000000a8d7700000,0x000000a8d7800000)]
  0x00000299d6123000 JavaThread "C2 CompilerThread0" daemon [_thread_blocked, id=11036, stack(0x000000a8d7600000,0x000000a8d7700000)]
  0x00000299d5248800 JavaThread "JDWP Command Reader" daemon [_thread_in_native, id=11576, stack(0x000000a8d7500000,0x000000a8d7600000)]
  0x00000299d5245000 JavaThread "JDWP Event Helper Thread" daemon [_thread_blocked, id=4776, stack(0x000000a8d7400000,0x000000a8d7500000)]
  0x00000299d523a800 JavaThread "JDWP Transport Listener: dt_socket" daemon [_thread_blocked, id=9328, stack(0x000000a8d7300000,0x000000a8d7400000)]
  0x00000299d521a800 JavaThread "Attach Listener" daemon [_thread_blocked, id=2128, stack(0x000000a8d7200000,0x000000a8d7300000)]
  0x00000299d5219800 JavaThread "Signal Dispatcher" daemon [_thread_blocked, id=9836, stack(0x000000a8d7100000,0x000000a8d7200000)]
  0x00000299d4acc800 JavaThread "Finalizer" daemon [_thread_blocked, id=11984, stack(0x000000a8d7000000,0x000000a8d7100000)]
  0x00000299d51f5000 JavaThread "Reference Handler" daemon [_thread_blocked, id=12896, stack(0x000000a8d6f00000,0x000000a8d7000000)]
  0x00000299c1139000 JavaThread "main" [_thread_blocked, id=11196, stack(0x000000a8d6900000,0x000000a8d6a00000)]

Other Threads:
=>0x00000299d51d4000 VMThread [stack: 0x000000a8d6e00000,0x000000a8d6f00000] [id=2648]
  0x00000299d61c4800 WatcherThread [stack: 0x000000a8d7a00000,0x000000a8d7b00000] [id=9700]

VM state:at safepoint (normal execution)

VM Mutex/Monitor currently owned by a thread:  ([mutex/lock_event])
[0x00000299c1134fe0] Threads_lock - owner thread: 0x00000299d51d4000

heap address: 0x00000000c3200000, size: 974 MB, Compressed Oops mode: 32-bit
Narrow klass base: 0x0000000000000000, Narrow klass shift: 3
Compressed class space size: 1073741824 Address: 0x0000000100000000

Heap:
 PSYoungGen      total 18432K, used 6527K [0x00000000ebb80000, 0x00000000ed000000, 0x0000000100000000)
  eden space 15872K, 41% used [0x00000000ebb80000,0x00000000ec1dfff8,0x00000000ecb00000)
  from space 2560K, 0% used [0x00000000ecd80000,0x00000000ecd80000,0x00000000ed000000)
  to   space 2560K, 0% used [0x00000000ecb00000,0x00000000ecb00000,0x00000000ecd80000)
 ParOldGen       total 42496K, used 0K [0x00000000c3200000, 0x00000000c5b80000, 0x00000000ebb80000)
  object space 42496K, 0% used [0x00000000c3200000,0x00000000c3200000,0x00000000c5b80000)
 Metaspace       used 5605K, capacity 5726K, committed 5760K, reserved 1056768K
  class space    used 604K, capacity 629K, committed 640K, reserved 1048576K

Card table byte_map: [0x00000299d1e10000,0x00000299d2000000] byte_map_base: 0x00000299d17f7000

Marking Bits: (ParMarkBitMap*) 0x000000006be47fe0
 Begin Bits: [0x00000299d2150000, 0x00000299d3088000)
 End Bits:   [0x00000299d3088000, 0x00000299d3fc0000)

Polling page: 0x00000299c2a20000

CodeCache: size=245760Kb used=1434Kb max_used=1434Kb free=244325Kb
 bounds [0x00000299c2a50000, 0x00000299c2cc0000, 0x00000299d1a50000]
 total_blobs=461 nmethods=168 adapters=215
 compilation: enabled

Compilation events (10 events):
Event: 3.234 Thread 0x00000299d6126800  165       3       java.util.regex.Pattern::next (33 bytes)
Event: 3.234 Thread 0x00000299d6126800 nmethod 165 0x00000299c2bb5d10 code [0x00000299c2bb5e80, 0x00000299c2bb6170]
Event: 3.234 Thread 0x00000299d6126800  167       3       java.util.regex.Pattern$Node::<init> (12 bytes)
Event: 3.234 Thread 0x00000299d6126800 nmethod 167 0x00000299c2bb6290 code [0x00000299c2bb6400, 0x00000299c2bb65d8]
Event: 3.234 Thread 0x00000299d6126800  166       1       java.util.regex.Pattern::flags (5 bytes)
Event: 3.234 Thread 0x00000299d6126800 nmethod 166 0x00000299c2bb6690 code [0x00000299c2bb67e0, 0x00000299c2bb68f8]
Event: 3.234 Thread 0x00000299d6126800  168       1       java.nio.Buffer::limit (5 bytes)
Event: 3.234 Thread 0x00000299d6126800 nmethod 168 0x00000299c2bb6950 code [0x00000299c2bb6aa0, 0x00000299c2bb6bb8]
Event: 129.217 Thread 0x00000299d6126800  169       1       org.eclipse.jdt.launching.internal.org.objectweb.asm.ClassReader::getItem (7 bytes)
Event: 129.217 Thread 0x00000299d6126800 nmethod 169 0x00000299c2bb6c10 code [0x00000299c2bb6d60, 0x00000299c2bb6e98]

GC Heap History (0 events):
No events

Deoptimization events (0 events):
No events

Classes redefined (3 events):
Event: 129.272 Thread 0x00000299d51d4000 redefined class name=testes.Exercicio_AvanadeFullStack, count=1
Event: 168.788 Thread 0x00000299d51d4000 redefined class name=testes.Exercicio_AvanadeFullStack, count=2
Event: 336.669 Thread 0x00000299d51d4000 redefined class name=testes.Exercicio_AvanadeFullStack, count=3

Internal exceptions (6 events):
Event: 0.698 Thread 0x00000299c1139000 Exception <a 'java/lang/NoSuchMethodError': Method sun.misc.Unsafe.defineClass(Ljava/lang/String;[BII)Ljava/lang/Class; name or signature does not match> (0x00000000ebb87cc0) thrown at [C:\jenkins\workspace\8-2-build-windows-amd64-cygwin\jdk8u271\605\hots
Event: 0.698 Thread 0x00000299c1139000 Exception <a 'java/lang/NoSuchMethodError': Method sun.misc.Unsafe.prefetchRead(Ljava/lang/Object;J)V name or signature does not match> (0x00000000ebb87fa8) thrown at [C:\jenkins\workspace\8-2-build-windows-amd64-cygwin\jdk8u271\605\hotspot\src\share\vm\p
Event: 3.091 Thread 0x00000299c1139000 Exception <a 'java/security/PrivilegedActionException'> (0x00000000ec136518) thrown at [C:\jenkins\workspace\8-2-build-windows-amd64-cygwin\jdk8u271\605\hotspot\src\share\vm\prims\jvm.cpp, line 1512]
Event: 3.091 Thread 0x00000299c1139000 Exception <a 'java/security/PrivilegedActionException'> (0x00000000ec136910) thrown at [C:\jenkins\workspace\8-2-build-windows-amd64-cygwin\jdk8u271\605\hotspot\src\share\vm\prims\jvm.cpp, line 1512]
Event: 3.093 Thread 0x00000299c1139000 Exception <a 'java/security/PrivilegedActionException'> (0x00000000ec13aa08) thrown at [C:\jenkins\workspace\8-2-build-windows-amd64-cygwin\jdk8u271\605\hotspot\src\share\vm\prims\jvm.cpp, line 1512]
Event: 3.093 Thread 0x00000299c1139000 Exception <a 'java/security/PrivilegedActionException'> (0x00000000ec13ae00) thrown at [C:\jenkins\workspace\8-2-build-windows-amd64-cygwin\jdk8u271\605\hotspot\src\share\vm\prims\jvm.cpp, line 1512]

Events (10 events):
Event: 393.761 Executing VM operation: ChangeBreakpoints done
Event: 400.599 Executing VM operation: GetCurrentContendedMonitor
Event: 400.599 Executing VM operation: GetCurrentContendedMonitor done
Event: 400.599 Executing VM operation: GetOwnedMonitorInfo
Event: 400.600 Executing VM operation: GetOwnedMonitorInfo done
Event: 401.961 Executing VM operation: GetOwnedMonitorInfo
Event: 401.961 Executing VM operation: GetOwnedMonitorInfo done
Event: 401.962 Executing VM operation: GetCurrentContendedMonitor
Event: 401.962 Executing VM operation: GetCurrentContendedMonitor done
Event: 402.213 Executing VM operation: GetOrSetLocal


Dynamic libraries:
0x00007ff7d7d70000 - 0x00007ff7d7db7000 	C:\Program Files\Java\jdk1.8.0_271\jre\bin\javaw.exe
0x00007ffd27cf0000 - 0x00007ffd27ee5000 	C:\Windows\SYSTEM32\ntdll.dll
0x00007ffd26ed0000 - 0x00007ffd26f8d000 	C:\Windows\System32\KERNEL32.DLL
0x00007ffd259a0000 - 0x00007ffd25c68000 	C:\Windows\System32\KERNELBASE.dll
0x00007ffd26ff0000 - 0x00007ffd2709c000 	C:\Windows\System32\ADVAPI32.dll
0x00007ffd25ee0000 - 0x00007ffd25f7e000 	C:\Windows\System32\msvcrt.dll
0x00007ffd275e0000 - 0x00007ffd2767b000 	C:\Windows\System32\sechost.dll
0x00007ffd27b80000 - 0x00007ffd27cab000 	C:\Windows\System32\RPCRT4.dll
0x00007ffd26170000 - 0x00007ffd26310000 	C:\Windows\System32\USER32.dll
0x00007ffd25d20000 - 0x00007ffd25d42000 	C:\Windows\System32\win32u.dll
0x00007ffd27680000 - 0x00007ffd276aa000 	C:\Windows\System32\GDI32.dll
0x00007ffd25430000 - 0x00007ffd2553b000 	C:\Windows\System32\gdi32full.dll
0x00007ffd255a0000 - 0x00007ffd2563d000 	C:\Windows\System32\msvcp_win.dll
0x00007ffd25640000 - 0x00007ffd25740000 	C:\Windows\System32\ucrtbase.dll
0x00007ffd0af30000 - 0x00007ffd0b1ca000 	C:\Windows\WinSxS\amd64_microsoft.windows.common-controls_6595b64144ccf1df_6.0.19041.844_none_ca00b6081b84eb1d\COMCTL32.dll
0x00007ffd25eb0000 - 0x00007ffd25ee0000 	C:\Windows\System32\IMM32.DLL
0x00007ffcf33d0000 - 0x00007ffcf33e5000 	C:\Program Files\Java\jdk1.8.0_271\jre\bin\vcruntime140.dll
0x00007ffcdc7f0000 - 0x00007ffcdc88b000 	C:\Program Files\Java\jdk1.8.0_271\jre\bin\msvcp140.dll
0x000000006b650000 - 0x000000006bebf000 	C:\Program Files\Java\jdk1.8.0_271\jre\bin\server\jvm.dll
0x00007ffd0eea0000 - 0x00007ffd0eec7000 	C:\Windows\SYSTEM32\WINMM.dll
0x00007ffd1f000000 - 0x00007ffd1f00a000 	C:\Windows\SYSTEM32\VERSION.dll
0x00007ffd17880000 - 0x00007ffd17889000 	C:\Windows\SYSTEM32\WSOCK32.dll
0x00007ffd26d80000 - 0x00007ffd26deb000 	C:\Windows\System32\WS2_32.dll
0x00007ffd26d60000 - 0x00007ffd26d68000 	C:\Windows\System32\PSAPI.DLL
0x00007ffd23350000 - 0x00007ffd23362000 	C:\Windows\SYSTEM32\kernel.appcore.dll
0x00007ffcf7100000 - 0x00007ffcf7110000 	C:\Program Files\Java\jdk1.8.0_271\jre\bin\verify.dll
0x00007ffcee0a0000 - 0x00007ffcee0cb000 	C:\Program Files\Java\jdk1.8.0_271\jre\bin\java.dll
0x00007ffce20e0000 - 0x00007ffce2116000 	C:\Program Files\Java\jdk1.8.0_271\jre\bin\jdwp.dll
0x00007ffcf4be0000 - 0x00007ffcf4be9000 	C:\Program Files\Java\jdk1.8.0_271\jre\bin\npt.dll
0x00007ffce7b70000 - 0x00007ffce7ba0000 	C:\Program Files\Java\jdk1.8.0_271\jre\bin\instrument.dll
0x00007ffcf27a0000 - 0x00007ffcf27b8000 	C:\Program Files\Java\jdk1.8.0_271\jre\bin\zip.dll
0x00007ffd26550000 - 0x00007ffd26c92000 	C:\Windows\System32\SHELL32.dll
0x00007ffd23550000 - 0x00007ffd23ce1000 	C:\Windows\SYSTEM32\windows.storage.dll
0x00007ffd27280000 - 0x00007ffd275d5000 	C:\Windows\System32\combase.dll
0x00007ffd24d00000 - 0x00007ffd24d2c000 	C:\Windows\SYSTEM32\Wldp.dll
0x00007ffd271d0000 - 0x00007ffd2727e000 	C:\Windows\System32\SHCORE.dll
0x00007ffd26e70000 - 0x00007ffd26ec5000 	C:\Windows\System32\shlwapi.dll
0x00007ffd25370000 - 0x00007ffd2538f000 	C:\Windows\SYSTEM32\profapi.dll
0x00007ffcf4330000 - 0x00007ffcf433a000 	C:\Program Files\Java\jdk1.8.0_271\jre\bin\dt_socket.dll
0x00007ffd0a910000 - 0x00007ffd0a927000 	C:\Windows\system32\napinsp.dll
0x00007ffd0a8f0000 - 0x00007ffd0a90b000 	C:\Windows\system32\pnrpnsp.dll
0x00007ffd02a80000 - 0x00007ffd02a95000 	C:\Windows\system32\wshbth.dll
0x00007ffd1fb50000 - 0x00007ffd1fb6d000 	C:\Windows\system32\NLAapi.dll
0x00007ffd247f0000 - 0x00007ffd2482b000 	C:\Windows\SYSTEM32\IPHLPAPI.DLL
0x00007ffd24ae0000 - 0x00007ffd24b4a000 	C:\Windows\System32\mswsock.dll
0x00007ffd24830000 - 0x00007ffd248fc000 	C:\Windows\SYSTEM32\DNSAPI.dll
0x00007ffd26d70000 - 0x00007ffd26d78000 	C:\Windows\System32\NSI.dll
0x00007ffd0a8d0000 - 0x00007ffd0a8e2000 	C:\Windows\System32\winrnr.dll
0x00007ffd1fef0000 - 0x00007ffd1ff6f000 	C:\Windows\System32\fwpuclnt.dll
0x00007ffd25cf0000 - 0x00007ffd25d17000 	C:\Windows\System32\bcrypt.dll
0x00007ffd1ded0000 - 0x00007ffd1deda000 	C:\Windows\System32\rasadhlp.dll
0x00007ffd1d7a0000 - 0x00007ffd1d984000 	C:\Windows\SYSTEM32\dbghelp.dll
0x00007ffd25c70000 - 0x00007ffd25cf0000 	C:\Windows\System32\bcryptPrimitives.dll

VM Arguments:
jvm_args: -agentlib:jdwp=transport=dt_socket,suspend=y,address=localhost:49735 -javaagent:C:\eclipse\configuration\org.eclipse.osgi\405\0\.cp\lib\javaagent-shaded.jar -Dfile.encoding=Cp1252 
java_command: testes.Exercicio_AvanadeFullStack
java_class_path (initial): C:\Users\albertolacerda\eclipse-workspace\POO_01\bin;C:\eclipse\configuration\org.eclipse.osgi\405\0\.cp\lib\javaagent-shaded.jar
Launcher Type: SUN_STANDARD

Environment Variables:
JAVA_HOME=C:\Program Files\Java\jdk-14.0.2\bin
PATH=C:\Program Files\Java\jdk1.8.0_271\jre\bin;C:/eclipse//plugins/org.eclipse.justj.openjdk.hotspot.jre.full.win32.x86_64_15.0.1.v20201027-0507/jre/bin/server;C:/eclipse//plugins/org.eclipse.justj.openjdk.hotspot.jre.full.win32.x86_64_15.0.1.v20201027-0507/jre/bin;C:\Program Files (x86)\Common Files\Oracle\Java\javapath;C:\Windows\system32;C:\Windows;C:\Windows\System32\Wbem;C:\Windows\System32\WindowsPowerShell\v1.0\;C:\Windows\System32\OpenSSH\;C:\ProgramData\chocolatey\bin;C:\Program Files\nodejs\;C:\Program Files\Java\jdk-14.0.2\bin;C:\xampp\php;C:\ProgramData\ComposerSetup\bin;C:\Program Files\dotnet\;C:\Program Files\Java\jdk1.8.0_271\bin;C:\Program Files\Java\jdk-14.0.2\bin;C:\Program Files\Microsoft SQL Server\130\Tools\Binn\;C:\Program Files\Microsoft SQL Server\Client SDK\ODBC\170\Tools\Binn\;C:\Program Files (x86)\Microsoft SQL Server\150\Tools\Binn\;C:\Program Files\Microsoft SQL Server\150\Tools\Binn\;C:\Program Files\Microsoft SQL Server\150\DTS\Binn\;C:\Program Files (x86)\Microsoft SQL Server\150\DTS\Binn\;C:\Program Files\Azure Data Studio\bin;C:\Program Files\Git\cmd;C:\Users\albertolacerda\AppData\Local\Microsoft\WindowsApps;C:\Users\albertolacerda\AppData\Roaming\npm;C:\Users\albertolacerda\AppData\Roaming\Composer\vendor\bin;C:\xampp\php\php.exe;C:\Users\albertolacerda\.dotnet\tools;C:\Program Files\Azure Data Studio\bin;C:\Users\albertolacerda\AppData\Local\Programs\EditorVisualStudioCode\bin;C:\eclipse;
USERNAME=albertolacerda
OS=Windows_NT
PROCESSOR_IDENTIFIER=Intel64 Family 6 Model 37 Stepping 2, GenuineIntel



---------------  S Y S T E M  ---------------

OS: Windows 10.0 , 64 bit Build 19041 (10.0.19041.804)

CPU:total 4 (initial active 4) (2 cores per cpu, 2 threads per core) family 6 model 37 stepping 2, cmov, cx8, fxsr, mmx, sse, sse2, sse3, ssse3, sse4.1, sse4.2, popcnt, ht, tsc, tscinvbit

Memory: 4k page, physical 3988592k(435656k free), swap 10744872k(3877004k free)

vm_info: Java HotSpot(TM) 64-Bit Server VM (25.271-b09) for windows-amd64 JRE (1.8.0_271-b09), built on Sep 16 2020 19:14:59 by "" with MS VC++ 15.9 (VS2017)

time: Tue Mar 23 15:26:00 2021
timezone: Hora oficial do Brasil
elapsed time: 402.357995 seconds (0d 0h 6m 42s)

